<?xml version="1.0" encoding="UTF-8" ?>
<testsuite errors="1" failures="0" hostname="DESKTOP-ELQMLD1" name="UseCaseGroupLoginTest" skipped="0" tests="3" time="76.772" timestamp="2020-02-16T07:07:01">
  <properties>
[...]
</properties>
  <testcase classname="UseCaseGroupLoginTest" name="test0100103Uiddc111751f3c8414d92ed267370e729a2" time="50.247" />
  <testcase classname="UseCaseGroupLoginTest" name="test0100101Uid55d2c4a966664f31bf4ccaa1eafd70f7" time="18.304" />
  <testcase classname="UseCaseGroupLoginTest" name="test0100102Uid88f7c953ee2f4659953cbcce1b347038" time="8.135">
    <error message="verifying ErrorMessage &lt; Invalid email/password combination???????? &gt; failed！" type="java.lang.AssertionError">java.lang.AssertionError: verifying ErrorMessage &lt; Invalid email/password combination???????? &gt; failed！
	at Actionwords.verifyAsErrorMessage(Actionwords.java:58)
	at UseCaseGroupLoginTest.test0100102Uid88f7c953ee2f4659953cbcce1b347038(UseCaseGroupLoginTest.java:27)
</error>
  </testcase>
  <system-out><![CDATA[page loaded here!
By.name: password is present now!
page loaded here!
west@cityparks.co.nz
verifying logined username as < west@cityparks.co.nz > is successful
page loaded here!
By.name: password is present now!
page loaded here!
page loaded here!
west@cityparks.co.nz
verifying logined username as < west@cityparks.co.nz > is successful
page loaded here!
page loaded here!
Invalid email/password combination????????
]]></system-out>
  <system-err><![CDATA[Starting ChromeDriver 80.0.3987.16 (320f6526c1632ad4f205ebce69b99a062ed78647-refs/branch-heads/3987@{#185}) on port 19142
Only local connections are allowed.
Please protect ports used by ChromeDriver and related test frameworks to prevent access by malicious code.
二月 16, 2020 8:07:06 下午 org.openqa.selenium.remote.ProtocolHandshake createSession
信息: Detected dialect: W3C
[1581836828.605][SEVERE]: Timed out receiving message from renderer: 0.100
[1581836828.707][SEVERE]: Timed out receiving message from renderer: 0.100
[1581836828.808][SEVERE]: Timed out receiving message from renderer: 0.100
[1581836828.909][SEVERE]: Timed out receiving message from renderer: 0.100
[1581836829.010][SEVERE]: Timed out receiving message from renderer: 0.100
[1581836829.112][SEVERE]: Timed out receiving message from renderer: 0.100
[1581836829.218][SEVERE]: Timed out receiving message from renderer: 0.100
[1581836834.897][SEVERE]: Timed out receiving message from renderer: 0.100
[1581836835.115][SEVERE]: Timed out receiving message from renderer: 0.100
[1581836835.650][SEVERE]: Timed out receiving message from renderer: 0.100
Starting ChromeDriver 80.0.3987.16 (320f6526c1632ad4f205ebce69b99a062ed78647-refs/branch-heads/3987@{#185}) on port 43777
Only local connections are allowed.
Please protect ports used by ChromeDriver and related test frameworks to prevent access by malicious code.
二月 16, 2020 8:07:36 下午 org.openqa.selenium.remote.ProtocolHandshake createSession
信息: Detected dialect: W3C
[1581836862.124][SEVERE]: Timed out receiving message from renderer: 0.100
[1581836862.225][SEVERE]: Timed out receiving message from renderer: 0.100
[1581836862.328][SEVERE]: Timed out receiving message from renderer: 0.100
[1581836862.430][SEVERE]: Timed out receiving message from renderer: 0.100
[1581836862.545][SEVERE]: Timed out receiving message from renderer: 0.100
[1581836862.649][SEVERE]: Timed out receiving message from renderer: 0.100
[1581836862.750][SEVERE]: Timed out receiving message from renderer: 0.100
[1581836862.851][SEVERE]: Timed out receiving message from renderer: 0.100
[1581836868.759][SEVERE]: Timed out receiving message from renderer: 0.100
[1581836869.130][SEVERE]: Timed out receiving message from renderer: 0.100
[1581836869.439][SEVERE]: Timed out receiving message from renderer: 0.100
Starting ChromeDriver 80.0.3987.16 (320f6526c1632ad4f205ebce69b99a062ed78647-refs/branch-heads/3987@{#185}) on port 28788
Only local connections are allowed.
Please protect ports used by ChromeDriver and related test frameworks to prevent access by malicious code.
二月 16, 2020 8:07:54 下午 org.openqa.selenium.remote.ProtocolHandshake createSession
信息: Detected dialect: W3C
[1581836876.911][SEVERE]: Timed out receiving message from renderer: 0.100
[1581836877.013][SEVERE]: Timed out receiving message from renderer: 0.100
[1581836877.114][SEVERE]: Timed out receiving message from renderer: 0.100
[1581836877.217][SEVERE]: Timed out receiving message from renderer: 0.100
[1581836877.318][SEVERE]: Timed out receiving message from renderer: 0.100
[1581836877.419][SEVERE]: Timed out receiving message from renderer: 0.100
[1581836883.538][SEVERE]: Timed out receiving message from renderer: 0.100
[1581836883.676][SEVERE]: Timed out receiving message from renderer: 0.100
[1581836883.950][SEVERE]: Timed out receiving message from renderer: 0.100
[1581836884.253][SEVERE]: Timed out receiving message from renderer: 0.100
Starting ChromeDriver 80.0.3987.16 (320f6526c1632ad4f205ebce69b99a062ed78647-refs/branch-heads/3987@{#185}) on port 42477
Only local connections are allowed.
Please protect ports used by ChromeDriver and related test frameworks to prevent access by malicious code.
二月 16, 2020 8:08:13 下午 org.openqa.selenium.remote.ProtocolHandshake createSession
信息: Detected dialect: W3C
[1581836895.173][SEVERE]: Timed out receiving message from renderer: 0.100
[1581836895.274][SEVERE]: Timed out receiving message from renderer: 0.100
[1581836895.377][SEVERE]: Timed out receiving message from renderer: 0.100
[1581836895.480][SEVERE]: Timed out receiving message from renderer: 0.100
]]></system-err>
</testsuite>
