<?xml version="1.0" encoding="UTF-8" ?>
<testsuite errors="0" failures="0" hostname="DESKTOP-ELQMLD1" name="UseCaseGroupViewWorkOrderTest" skipped="0" tests="2" time="59.151" timestamp="2020-02-16T07:08:19">
  <properties>
[...]
</properties>
  <testcase classname="UseCaseGroupViewWorkOrderTest" name="test0300101Uid8dd6aa8b4b974aae9c492b435ceb01d0" time="29.434" />
  <testcase classname="UseCaseGroupViewWorkOrderTest" name="test0300103Uid1ae7fa10122c4a9993072af89c949c61" time="29.602" />
  <system-out><![CDATA[page loaded here!
Save current window of 'Work Orders' snapshot to File E:\TEMP2\snapshot_window_20200216200839.jpg
The case of verifyAsReceivedOrderTypeAndStatus as < orderType=REACTIVE > AND < orderStatus=APPROVED > is snapshotted now and need to be verified by manual.
page loaded here!
Save current window of 'Work Orders' snapshot to File E:\TEMP2\snapshot_window_20200216200909.jpg
The case of verifyAsReceivedOrderTypeAndDueDate as < orderType=PREVENTIVE > AND orderDueDate from < 01/12/2019 to 16/01/2020 > is snapshotted now and need to be verified by manual.
]]></system-out>
  <system-err><![CDATA[Starting ChromeDriver 80.0.3987.16 (320f6526c1632ad4f205ebce69b99a062ed78647-refs/branch-heads/3987@{#185}) on port 42486
Only local connections are allowed.
Please protect ports used by ChromeDriver and related test frameworks to prevent access by malicious code.
二月 16, 2020 8:08:24 下午 org.openqa.selenium.remote.ProtocolHandshake createSession
信息: Detected dialect: W3C
[1581836906.447][SEVERE]: Timed out receiving message from renderer: 0.100
[1581836906.550][SEVERE]: Timed out receiving message from renderer: 0.100
[1581836906.651][SEVERE]: Timed out receiving message from renderer: 0.100
[1581836906.753][SEVERE]: Timed out receiving message from renderer: 0.100
[1581836906.854][SEVERE]: Timed out receiving message from renderer: 0.100
[1581836906.961][SEVERE]: Timed out receiving message from renderer: 0.100
[1581836912.778][SEVERE]: Timed out receiving message from renderer: 0.100
[1581836913.151][SEVERE]: Timed out receiving message from renderer: 0.100
[1581836913.412][SEVERE]: Timed out receiving message from renderer: 0.100
Starting ChromeDriver 80.0.3987.16 (320f6526c1632ad4f205ebce69b99a062ed78647-refs/branch-heads/3987@{#185}) on port 11327
Only local connections are allowed.
Please protect ports used by ChromeDriver and related test frameworks to prevent access by malicious code.
二月 16, 2020 8:08:52 下午 org.openqa.selenium.remote.ProtocolHandshake createSession
信息: Detected dialect: W3C
[1581836934.493][SEVERE]: Timed out receiving message from renderer: 0.100
[1581836934.594][SEVERE]: Timed out receiving message from renderer: 0.100
[1581836934.696][SEVERE]: Timed out receiving message from renderer: 0.100
[1581836934.797][SEVERE]: Timed out receiving message from renderer: 0.100
[1581836934.898][SEVERE]: Timed out receiving message from renderer: 0.100
[1581836935.392][SEVERE]: Timed out receiving message from renderer: 0.100
[1581836941.040][SEVERE]: Timed out receiving message from renderer: 0.100
[1581836941.192][SEVERE]: Timed out receiving message from renderer: 0.100
[1581836941.608][SEVERE]: Timed out receiving message from renderer: 0.100
[1581836942.037][SEVERE]: Timed out receiving message from renderer: 0.100
[1581836942.184][SEVERE]: Timed out receiving message from renderer: 0.100
[1581836947.789][SEVERE]: Timed out receiving message from renderer: 0.100
]]></system-err>
</testsuite>
